{
  "Cucumber Features": {
    "coverage": {
      "/Users/jwchu/Desktop/W4152/Mate/app/models/movie.rb": {
        "lines": [
          0,
          0
        ],
        "branches": {
        }
      },
      "/Users/jwchu/Desktop/W4152/Mate/app/models/user.rb": {
        "lines": [
          0,
          0,
          null,
          null,
          null,
          0,
          0,
          0,
          0,
          null,
          null,
          null,
          null,
          null,
          null,
          null,
          null,
          null,
          null,
          null,
          null,
          null,
          null,
          null,
          null,
          null,
          0
        ],
        "branches": {
        }
      },
      "/Users/jwchu/Desktop/W4152/Mate/app/controllers/application_controller.rb": {
        "lines": [
          0,
          null,
          null,
          0,
          0
        ],
        "branches": {
        }
      },
      "/Users/jwchu/Desktop/W4152/Mate/app/controllers/users_controller.rb": {
        "lines": [
          0,
          null,
          0,
          0,
          0,
          null,
          0,
          null,
          0,
          null,
          0,
          null,
          0,
          null,
          0,
          null,
          0,
          null,
          0,
          null,
          0,
          null,
          0,
          0,
          0,
          0,
          null,
          0,
          0,
          0,
          0,
          0,
          0,
          0,
          0,
          0,
          0,
          0,
          0,
          null,
          null,
          null,
          null,
          null,
          null,
          null,
          0,
          null,
          0,
          null,
          0,
          0,
          0,
          0,
          0,
          0,
          0,
          0,
          0,
          null,
          0,
          0,
          0,
          null,
          0,
          null,
          0,
          0,
          0,
          0,
          null,
          0,
          0,
          0,
          0,
          0,
          0,
          0,
          null,
          0,
          0,
          0,
          null,
          0,
          0,
          0,
          0,
          0,
          0,
          null,
          0,
          null,
          null,
          0,
          0,
          0,
          null,
          0,
          0,
          0,
          null,
          0,
          0,
          0,
          null,
          0,
          0,
          0,
          null,
          0
        ],
        "branches": {
        }
      },
      "/Users/jwchu/Desktop/W4152/Mate/app/helpers/users_helper.rb": {
        "lines": [
          0,
          null,
          0,
          0,
          0,
          0
        ],
        "branches": {
        }
      },
      "/Users/jwchu/Desktop/W4152/Mate/app/helpers/application_helper.rb": {
        "lines": [
          0,
          0
        ],
        "branches": {
        }
      }
    },
    "timestamp": 1667186885
  },
  "RSpec": {
    "coverage": {
      "/mnt/d/Columbia/Fall2022/COMS4152/Mate/app/helpers/application_helper.rb": {
        "lines": [
          1,
          null
        ]
      },
      "/mnt/d/Columbia/Fall2022/COMS4152/Mate/app/helpers/users_helper.rb": {
        "lines": [
          1,
          null,
          1,
          0,
          null,
          null
        ]
      },
      "/mnt/d/Columbia/Fall2022/COMS4152/Mate/app/controllers/users_controller.rb": {
        "lines": [
          1,
          null,
          1,
          0,
          0,
          null,
          null,
          null,
          1,
          null,
          null,
          null,
          1,
          null,
          null,
          null,
          1,
          null,
          null,
          null,
          1,
          null,
          null,
          1,
          0,
          0,
          null,
          0,
          0,
          0,
          0,
          null,
          0,
          0,
          null,
          null,
          0,
          0,
          null,
          null,
          null,
          null,
          null,
          null,
          null,
          null,
          null,
          null,
          1,
          null,
          0,
          0,
          0,
          0,
          null,
          0,
          0,
          null,
          null,
          null,
          null,
          1,
          0,
          null,
          1,
          null,
          null,
          1,
          2,
          2,
          2,
          2,
          null,
          null,
          1,
          0,
          null,
          null,
          1,
          0,
          0,
          0,
          0,
          null,
          null,
          1,
          null,
          null,
          1,
          0,
          null,
          null,
          1,
          2,
          null,
          null,
          null
        ]
      },
      "/mnt/d/Columbia/Fall2022/COMS4152/Mate/app/controllers/application_controller.rb": {
        "lines": [
          1,
          null,
          null,
          1,
          null
        ]
      },
      "/mnt/d/Columbia/Fall2022/COMS4152/Mate/app/models/user.rb": {
        "lines": [
          1,
          1,
          1,
          null
        ]
      },
      "/mnt/d/Columbia/Fall2022/COMS4152/Mate/app/models/movie.rb": {
        "lines": [
          0,
          0
        ],
        "branches": {
        }
      }
    },
    "timestamp": 1667180217
  }
}
